<?xml version="1.0" encoding="UTF-8"?>
<!-- Generated by org.testng.reporters.JUnitXMLReporter -->
<testsuite hostname="DESKTOP-1ERBVS2" ignored="0" name="Windows_Firefox_Test" tests="1" failures="0" timestamp="17 May 2020 10:37:47 GMT" time="0.073" errors="0">
  <testcase name="@BeforeMethod openBrowser" time="0.011" classname="testscript.TestCase">
    <failure type="java.lang.NullPointerException">
      <![CDATA[java.lang.NullPointerException
at testscript.TestCase.openBrowser(TestCase.java:27)
at java.util.concurrent.FutureTask.run(Unknown Source)
at java.util.concurrent.ThreadPoolExecutor.runWorker(Unknown Source)
at java.util.concurrent.ThreadPoolExecutor$Worker.run(Unknown Source)
at java.lang.Thread.run(Unknown Source)
... Removed 19 stack frames]]>
    </failure>
  </testcase> <!-- @BeforeMethod openBrowser -->
  <testcase name="@AfterMethod closeBrowser" time="0.0" classname="testscript.TestCase">
    <skipped/>
  </testcase> <!-- @AfterMethod closeBrowser -->
  <testcase name="testGoogle" time="0.0" classname="testscript.TestGoogle">
    <skipped/>
  </testcase> <!-- testGoogle -->
</testsuite> <!-- Windows_Firefox_Test -->
