<?xml version="1.0" encoding="UTF-8"?>
<testng-results skipped="0" failed="0" ignored="0" total="1" passed="1">
  <reporter-output>
  </reporter-output>
  <suite name="Parallel test suite" duration-ms="9406" started-at="2020-05-17T14:32:12Z" finished-at="2020-05-17T14:32:21Z">
    <groups>
    </groups>
    <test name="Windows_Chrome_Test" duration-ms="9406" started-at="2020-05-17T14:32:12Z" finished-at="2020-05-17T14:32:21Z">
      <class name="testscript.TestGoogle">
        <test-method status="PASS" signature="openBrowser(java.lang.String, java.lang.String)[pri:0, instance:testscript.TestGoogle@63440df3]" name="openBrowser" is-config="true" duration-ms="6654" started-at="2020-05-17T14:32:12Z" finished-at="2020-05-17T14:32:19Z">
          <params>
            <param index="0">
              <value>
                <![CDATA[Windows]]>
              </value>
            </param>
            <param index="1">
              <value>
                <![CDATA[Chrome]]>
              </value>
            </param>
          </params>
          <reporter-output>
          </reporter-output>
        </test-method> <!-- openBrowser -->
        <test-method status="PASS" signature="testGoogle()[pri:0, instance:testscript.TestGoogle@63440df3]" name="testGoogle" duration-ms="1986" started-at="2020-05-17T14:32:19Z" finished-at="2020-05-17T14:32:21Z">
          <reporter-output>
          </reporter-output>
        </test-method> <!-- testGoogle -->
        <test-method status="PASS" signature="closeBrowser()[pri:0, instance:testscript.TestGoogle@63440df3]" name="closeBrowser" is-config="true" duration-ms="723" started-at="2020-05-17T14:32:21Z" finished-at="2020-05-17T14:32:21Z">
          <reporter-output>
          </reporter-output>
        </test-method> <!-- closeBrowser -->
      </class> <!-- testscript.TestGoogle -->
    </test> <!-- Windows_Chrome_Test -->
  </suite> <!-- Parallel test suite -->
</testng-results>
